<?xml version="1.0" encoding="UTF-8"?>
<testsuite xmlns:xsi="http://www.w3.org/2001/XMLSchema-instance" xsi:noNamespaceSchemaLocation="https://maven.apache.org/surefire/maven-surefire-plugin/xsd/surefire-test-report.xsd" name="com.devskiller.library.service.BookServiceIntegrationTest" time="0" tests="11" errors="11" skipped="0" failures="0">
  <properties>
[...]
</properties>
  <testcase name="getAvailableBookCopies" classname="com.devskiller.library.service.BookServiceIntegrationTest" time="0">
    <error message="getProperty" type="java.lang.UnsupportedOperationException"><![CDATA[java.lang.UnsupportedOperationException: getProperty
	at com.devskiller.library.service.BookServiceIntegrationTest.<init>(BookServiceIntegrationTest.java:32)
]]></error>
  </testcase>
  <testcase name="removeBookCopyRemovesSingleCopy" classname="com.devskiller.library.service.BookServiceIntegrationTest" time="0">
    <error message="getProperty" type="java.lang.UnsupportedOperationException"><![CDATA[java.lang.UnsupportedOperationException: getProperty
	at com.devskiller.library.service.BookServiceIntegrationTest.<init>(BookServiceIntegrationTest.java:32)
]]></error>
  </testcase>
  <testcase name="returnBookUpdatesUserRecordAndAddsAvailableCopy" classname="com.devskiller.library.service.BookServiceIntegrationTest" time="0">
    <error message="getProperty" type="java.lang.UnsupportedOperationException"><![CDATA[java.lang.UnsupportedOperationException: getProperty
	at com.devskiller.library.service.BookServiceIntegrationTest.<init>(BookServiceIntegrationTest.java:32)
]]></error>
  </testcase>
  <testcase name="addedBookCopyIsAvailable" classname="com.devskiller.library.service.BookServiceIntegrationTest" time="0">
    <error message="getProperty" type="java.lang.UnsupportedOperationException"><![CDATA[java.lang.UnsupportedOperationException: getProperty
	at com.devskiller.library.service.BookServiceIntegrationTest.<init>(BookServiceIntegrationTest.java:32)
]]></error>
  </testcase>
  <testcase name="removeBookCopyThrowsExceptionWhenBookNotFound" classname="com.devskiller.library.service.BookServiceIntegrationTest" time="0">
    <error message="getProperty" type="java.lang.UnsupportedOperationException"><![CDATA[java.lang.UnsupportedOperationException: getProperty
	at com.devskiller.library.service.BookServiceIntegrationTest.<init>(BookServiceIntegrationTest.java:32)
]]></error>
  </testcase>
  <testcase name="borrowBookThrowsExceptionIfBookNotFound" classname="com.devskiller.library.service.BookServiceIntegrationTest" time="0">
    <error message="getProperty" type="java.lang.UnsupportedOperationException"><![CDATA[java.lang.UnsupportedOperationException: getProperty
	at com.devskiller.library.service.BookServiceIntegrationTest.<init>(BookServiceIntegrationTest.java:32)
]]></error>
  </testcase>
  <testcase name="borrowBookThrowsExceptionIfBookNotAvailable" classname="com.devskiller.library.service.BookServiceIntegrationTest" time="0">
    <error message="getProperty" type="java.lang.UnsupportedOperationException"><![CDATA[java.lang.UnsupportedOperationException: getProperty
	at com.devskiller.library.service.BookServiceIntegrationTest.<init>(BookServiceIntegrationTest.java:32)
]]></error>
  </testcase>
  <testcase name="removeBookCopyThrowsExceptionWhenBookNotAvailable" classname="com.devskiller.library.service.BookServiceIntegrationTest" time="0">
    <error message="getProperty" type="java.lang.UnsupportedOperationException"><![CDATA[java.lang.UnsupportedOperationException: getProperty
	at com.devskiller.library.service.BookServiceIntegrationTest.<init>(BookServiceIntegrationTest.java:32)
]]></error>
  </testcase>
  <testcase name="getAvailableBookCopiesWhenBookNotAvailable" classname="com.devskiller.library.service.BookServiceIntegrationTest" time="0">
    <error message="getProperty" type="java.lang.UnsupportedOperationException"><![CDATA[java.lang.UnsupportedOperationException: getProperty
	at com.devskiller.library.service.BookServiceIntegrationTest.<init>(BookServiceIntegrationTest.java:32)
]]></error>
  </testcase>
  <testcase name="getAvailableBookCopiesThrowsExceptionWhenBookNotFound" classname="com.devskiller.library.service.BookServiceIntegrationTest" time="0">
    <error message="getProperty" type="java.lang.UnsupportedOperationException"><![CDATA[java.lang.UnsupportedOperationException: getProperty
	at com.devskiller.library.service.BookServiceIntegrationTest.<init>(BookServiceIntegrationTest.java:32)
]]></error>
  </testcase>
  <testcase name="borrowBookUpdatesUserRecordAndRemovesAvailableCopy" classname="com.devskiller.library.service.BookServiceIntegrationTest" time="0">
    <error message="getProperty" type="java.lang.UnsupportedOperationException"><![CDATA[java.lang.UnsupportedOperationException: getProperty
	at com.devskiller.library.service.BookServiceIntegrationTest.<init>(BookServiceIntegrationTest.java:32)
]]></error>
  </testcase>
</testsuite>